Arguments: 
  /usr/local/bin/node /Users/AllanJane/workspace/lyd/homePage/yarn-1.3.2.js install --registry=http://npm.byted.org/ --ignore-optional

PATH: 
  /usr/local/lib/node_modules/npm/node_modules/npm-lifecycle/node-gyp-bin:/Users/AllanJane/workspace/lyd/homePage/node_modules/.bin:/usr/local/lib/node_modules/npm/node_modules/npm-lifecycle/node-gyp-bin:/Users/AllanJane/workspace/lyd/homePage/node_modules/.bin:/usr/local/bin:/usr/bin:/bin:/usr/sbin:/sbin:/usr/local/bin:/usr/local/sbin:/Users/AllanJane/.rvm/bin:/usr/local/etc/apache-maven-3.3.9/bin:/opt/y/Applications/Visual\ Studio\ Code.app/Contents/Resources/app/bin/code/Applications/Visual\ Studio\ Code.app/Contents/Resources/app/bin/code/Applications/Visual\ Studio\ Code.app/Contents/Resources/app/bin/code/Applications/Visual\ Studio\ Code.app/Contents/Resources/app/bin/code/Applications/Visual\ Studio\ Code.app/Contents/Resources/app/bin/code/Applications/Visual\ Studio\ Code.app/Contents/Resources/app/bin/code/Applications/Visual\ Studio\ Code.app/Contents/Resources/app/bin/code/Applications/Visual\ Studio\ Code.app/Contents/Resources/app/bin/code/Applications/Visual\ Studio\ Code.app/Contents/Resources/app/bin/code/Applications/Visual\ Studio\ Code.app/Contents/Resources/app/bin/codearn-[version]/bin

Yarn version: 
  1.3.2

Node version: 
  8.1.2

Platform: 
  darwin x64

npm manifest: 
  {
    "private": true,
    "scripts": {
      "start": "POST=9000 roadhog server",
      "build": "roadhog build",
      "lint": "eslint --ext .js src test",
      "precommit": "npm run lint",
      "yarn": "node yarn-1.3.2.js",
      "installPackage": "npm run yarn -- install --registry=http://npm.byted.org/ --ignore-optional"
    },
    "dependencies": {
      "dva": "^2.3.0",
      "react": "^16.2.0",
      "react-dom": "^16.2.0"
    },
    "devDependencies": {
      "babel-plugin-dva-hmr": "^0.3.2",
      "eslint": "^4.14.0",
      "eslint-config-umi": "^0.1.1",
      "eslint-plugin-flowtype": "^2.34.1",
      "eslint-plugin-import": "^2.6.0",
      "eslint-plugin-jsx-a11y": "^5.1.1",
      "eslint-plugin-react": "^7.1.0",
      "husky": "^0.12.0",
      "redbox-react": "^1.4.3",
      "roadhog": "^2.0.0"
    }
  }

yarn manifest: 
  No manifest

Lockfile: 
  No lockfile

Trace: 
  Error: EINVAL: invalid argument, unlink '/Users/AllanJane/workspace/lyd/homePage/node_modules/node-libs-browser/node_modules/process'
